/Users/juliantai/Dropbox/JulianTai/week_7/help-flaggr/app/models/help_request_worker.rb:2:in `<class:HelpRequestWorker>': uninitialized constant HelpRequestWorker::SideKiq (NameError)
	from /Users/juliantai/Dropbox/JulianTai/week_7/help-flaggr/app/models/help_request_worker.rb:1:in `<top (required)>'
	from /Users/juliantai/.rvm/gems/ruby-1.9.3-p286@bbicon/gems/railties-3.2.13/lib/rails/engine.rb:439:in `block (2 levels) in eager_load!'
	from /Users/juliantai/.rvm/gems/ruby-1.9.3-p286@bbicon/gems/railties-3.2.13/lib/rails/engine.rb:438:in `each'
	from /Users/juliantai/.rvm/gems/ruby-1.9.3-p286@bbicon/gems/railties-3.2.13/lib/rails/engine.rb:438:in `block in eager_load!'
	from /Users/juliantai/.rvm/gems/ruby-1.9.3-p286@bbicon/gems/railties-3.2.13/lib/rails/engine.rb:436:in `each'
	from /Users/juliantai/.rvm/gems/ruby-1.9.3-p286@bbicon/gems/railties-3.2.13/lib/rails/engine.rb:436:in `eager_load!'
	from /Users/juliantai/.rvm/gems/ruby-1.9.3-p286@bbicon/gems/railties-3.2.13/lib/rails/application/finisher.rb:53:in `block in <module:Finisher>'
	from /Users/juliantai/.rvm/gems/ruby-1.9.3-p286@bbicon/gems/railties-3.2.13/lib/rails/initializable.rb:30:in `instance_exec'
	from /Users/juliantai/.rvm/gems/ruby-1.9.3-p286@bbicon/gems/railties-3.2.13/lib/rails/initializable.rb:30:in `run'
	from /Users/juliantai/.rvm/gems/ruby-1.9.3-p286@bbicon/gems/railties-3.2.13/lib/rails/initializable.rb:55:in `block in run_initializers'
	from /Users/juliantai/.rvm/gems/ruby-1.9.3-p286@bbicon/gems/railties-3.2.13/lib/rails/initializable.rb:54:in `each'
	from /Users/juliantai/.rvm/gems/ruby-1.9.3-p286@bbicon/gems/railties-3.2.13/lib/rails/initializable.rb:54:in `run_initializers'
	from /Users/juliantai/.rvm/gems/ruby-1.9.3-p286@bbicon/gems/railties-3.2.13/lib/rails/application.rb:136:in `initialize!'
	from /Users/juliantai/.rvm/gems/ruby-1.9.3-p286@bbicon/gems/railties-3.2.13/lib/rails/railtie/configurable.rb:30:in `method_missing'
	from /Users/juliantai/Dropbox/JulianTai/week_7/help-flaggr/config/environment.rb:5:in `<top (required)>'
	from /Users/juliantai/.rvm/gems/ruby-1.9.3-p286@bbicon/gems/railties-3.2.13/lib/rails/application.rb:103:in `require'
	from /Users/juliantai/.rvm/gems/ruby-1.9.3-p286@bbicon/gems/railties-3.2.13/lib/rails/application.rb:103:in `require_environment!'
	from /Users/juliantai/.rvm/gems/ruby-1.9.3-p286@bbicon/gems/railties-3.2.13/lib/rails/commands/runner.rb:44:in `<top (required)>'
	from /Users/juliantai/.rvm/gems/ruby-1.9.3-p286@bbicon/gems/railties-3.2.13/lib/rails/commands.rb:64:in `require'
	from /Users/juliantai/.rvm/gems/ruby-1.9.3-p286@bbicon/gems/railties-3.2.13/lib/rails/commands.rb:64:in `<top (required)>'
	from script/rails:6:in `require'
	from script/rails:6:in `<main>'
/Users/juliantai/Dropbox/JulianTai/week_7/help-flaggr/app/models/help_request_worker.rb:2:in `<class:HelpRequestWorker>': uninitialized constant HelpRequestWorker::SideKiq (NameError)
	from /Users/juliantai/Dropbox/JulianTai/week_7/help-flaggr/app/models/help_request_worker.rb:1:in `<top (required)>'
	from /Users/juliantai/.rvm/gems/ruby-1.9.3-p286@bbicon/gems/railties-3.2.13/lib/rails/engine.rb:439:in `block (2 levels) in eager_load!'
	from /Users/juliantai/.rvm/gems/ruby-1.9.3-p286@bbicon/gems/railties-3.2.13/lib/rails/engine.rb:438:in `each'
	from /Users/juliantai/.rvm/gems/ruby-1.9.3-p286@bbicon/gems/railties-3.2.13/lib/rails/engine.rb:438:in `block in eager_load!'
	from /Users/juliantai/.rvm/gems/ruby-1.9.3-p286@bbicon/gems/railties-3.2.13/lib/rails/engine.rb:436:in `each'
	from /Users/juliantai/.rvm/gems/ruby-1.9.3-p286@bbicon/gems/railties-3.2.13/lib/rails/engine.rb:436:in `eager_load!'
	from /Users/juliantai/.rvm/gems/ruby-1.9.3-p286@bbicon/gems/railties-3.2.13/lib/rails/application/finisher.rb:53:in `block in <module:Finisher>'
	from /Users/juliantai/.rvm/gems/ruby-1.9.3-p286@bbicon/gems/railties-3.2.13/lib/rails/initializable.rb:30:in `instance_exec'
	from /Users/juliantai/.rvm/gems/ruby-1.9.3-p286@bbicon/gems/railties-3.2.13/lib/rails/initializable.rb:30:in `run'
	from /Users/juliantai/.rvm/gems/ruby-1.9.3-p286@bbicon/gems/railties-3.2.13/lib/rails/initializable.rb:55:in `block in run_initializers'
	from /Users/juliantai/.rvm/gems/ruby-1.9.3-p286@bbicon/gems/railties-3.2.13/lib/rails/initializable.rb:54:in `each'
	from /Users/juliantai/.rvm/gems/ruby-1.9.3-p286@bbicon/gems/railties-3.2.13/lib/rails/initializable.rb:54:in `run_initializers'
	from /Users/juliantai/.rvm/gems/ruby-1.9.3-p286@bbicon/gems/railties-3.2.13/lib/rails/application.rb:136:in `initialize!'
	from /Users/juliantai/.rvm/gems/ruby-1.9.3-p286@bbicon/gems/railties-3.2.13/lib/rails/railtie/configurable.rb:30:in `method_missing'
	from /Users/juliantai/Dropbox/JulianTai/week_7/help-flaggr/config/environment.rb:5:in `<top (required)>'
	from /Users/juliantai/.rvm/gems/ruby-1.9.3-p286@bbicon/gems/railties-3.2.13/lib/rails/application.rb:103:in `require'
	from /Users/juliantai/.rvm/gems/ruby-1.9.3-p286@bbicon/gems/railties-3.2.13/lib/rails/application.rb:103:in `require_environment!'
	from /Users/juliantai/.rvm/gems/ruby-1.9.3-p286@bbicon/gems/railties-3.2.13/lib/rails/commands/runner.rb:44:in `<top (required)>'
	from /Users/juliantai/.rvm/gems/ruby-1.9.3-p286@bbicon/gems/railties-3.2.13/lib/rails/commands.rb:64:in `require'
	from /Users/juliantai/.rvm/gems/ruby-1.9.3-p286@bbicon/gems/railties-3.2.13/lib/rails/commands.rb:64:in `<top (required)>'
	from script/rails:6:in `require'
	from script/rails:6:in `<main>'
/Users/juliantai/Dropbox/JulianTai/week_7/help-flaggr/app/models/help_request_worker.rb:2:in `<class:HelpRequestWorker>': uninitialized constant HelpRequestWorker::SideKiq (NameError)
	from /Users/juliantai/Dropbox/JulianTai/week_7/help-flaggr/app/models/help_request_worker.rb:1:in `<top (required)>'
	from /Users/juliantai/.rvm/gems/ruby-1.9.3-p286@bbicon/gems/railties-3.2.13/lib/rails/engine.rb:439:in `block (2 levels) in eager_load!'
	from /Users/juliantai/.rvm/gems/ruby-1.9.3-p286@bbicon/gems/railties-3.2.13/lib/rails/engine.rb:438:in `each'
	from /Users/juliantai/.rvm/gems/ruby-1.9.3-p286@bbicon/gems/railties-3.2.13/lib/rails/engine.rb:438:in `block in eager_load!'
	from /Users/juliantai/.rvm/gems/ruby-1.9.3-p286@bbicon/gems/railties-3.2.13/lib/rails/engine.rb:436:in `each'
	from /Users/juliantai/.rvm/gems/ruby-1.9.3-p286@bbicon/gems/railties-3.2.13/lib/rails/engine.rb:436:in `eager_load!'
	from /Users/juliantai/.rvm/gems/ruby-1.9.3-p286@bbicon/gems/railties-3.2.13/lib/rails/application/finisher.rb:53:in `block in <module:Finisher>'
	from /Users/juliantai/.rvm/gems/ruby-1.9.3-p286@bbicon/gems/railties-3.2.13/lib/rails/initializable.rb:30:in `instance_exec'
	from /Users/juliantai/.rvm/gems/ruby-1.9.3-p286@bbicon/gems/railties-3.2.13/lib/rails/initializable.rb:30:in `run'
	from /Users/juliantai/.rvm/gems/ruby-1.9.3-p286@bbicon/gems/railties-3.2.13/lib/rails/initializable.rb:55:in `block in run_initializers'
	from /Users/juliantai/.rvm/gems/ruby-1.9.3-p286@bbicon/gems/railties-3.2.13/lib/rails/initializable.rb:54:in `each'
	from /Users/juliantai/.rvm/gems/ruby-1.9.3-p286@bbicon/gems/railties-3.2.13/lib/rails/initializable.rb:54:in `run_initializers'
	from /Users/juliantai/.rvm/gems/ruby-1.9.3-p286@bbicon/gems/railties-3.2.13/lib/rails/application.rb:136:in `initialize!'
	from /Users/juliantai/.rvm/gems/ruby-1.9.3-p286@bbicon/gems/railties-3.2.13/lib/rails/railtie/configurable.rb:30:in `method_missing'
	from /Users/juliantai/Dropbox/JulianTai/week_7/help-flaggr/config/environment.rb:5:in `<top (required)>'
	from /Users/juliantai/.rvm/gems/ruby-1.9.3-p286@bbicon/gems/railties-3.2.13/lib/rails/application.rb:103:in `require'
	from /Users/juliantai/.rvm/gems/ruby-1.9.3-p286@bbicon/gems/railties-3.2.13/lib/rails/application.rb:103:in `require_environment!'
	from /Users/juliantai/.rvm/gems/ruby-1.9.3-p286@bbicon/gems/railties-3.2.13/lib/rails/commands/runner.rb:44:in `<top (required)>'
	from /Users/juliantai/.rvm/gems/ruby-1.9.3-p286@bbicon/gems/railties-3.2.13/lib/rails/commands.rb:64:in `require'
	from /Users/juliantai/.rvm/gems/ruby-1.9.3-p286@bbicon/gems/railties-3.2.13/lib/rails/commands.rb:64:in `<top (required)>'
	from script/rails:6:in `require'
	from script/rails:6:in `<main>'
